    正在创建库 C:\Users\Dell\Documents\Visual Studio 2017\Projects\sudoku\Debug\UnitTest1.lib 和对象 C:\Users\Dell\Documents\Visual Studio 2017\Projects\sudoku\Debug\UnitTest1.exp
unittest1.obj : error LNK2019: 无法解析的外部符号 "public: int __thiscall add::addNumber(int,int)" (?addNumber@add@@QAEHHH@Z)，该符号在函数 "public: void __thiscall UnitTest1::UnitTest1::TestMethod1(void)" (?TestMethod1@UnitTest1@1@QAEXXZ) 中被引用
C:\Users\Dell\Documents\Visual Studio 2017\Projects\sudoku\Debug\UnitTest1.dll : fatal error LNK1120: 1 个无法解析的外部命令
